-------------------------------------------------------------------------------
Test set: com.fssa.medlife.service.TestMedicineDeleteFeature
-------------------------------------------------------------------------------
Tests run: 2, Failures: 1, Errors: 0, Skipped: 0, Time elapsed: 0.066 s <<< FAILURE! - in com.fssa.medlife.service.TestMedicineDeleteFeature
testDeleteMedicineInvalidId  Time elapsed: 0.059 s  <<< FAILURE!
org.opentest4j.AssertionFailedError: expected: <true> but was: <false>
	at com.fssa.medlife.service.TestMedicineDeleteFeature.testDeleteMedicineInvalidId(TestMedicineDeleteFeature.java:34)

