-------------------------------------------------------------------------------
Test set: com.fssa.medlife.service.TestUserDeleteFeature
-------------------------------------------------------------------------------
Tests run: 3, Failures: 1, Errors: 0, Skipped: 0, Time elapsed: 0.115 s <<< FAILURE! - in com.fssa.medlife.service.TestUserDeleteFeature
testDeleteUserSuccess  Time elapsed: 0.037 s  <<< FAILURE!
org.opentest4j.AssertionFailedError: Exception occurred while deleting the user.
	at com.fssa.medlife.service.TestUserDeleteFeature.testDeleteUserSuccess(TestUserDeleteFeature.java:23)

