-------------------------------------------------------------------------------
Test set: com.fssa.medlife.service.TestUserUpdateFeature
-------------------------------------------------------------------------------
Tests run: 4, Failures: 1, Errors: 0, Skipped: 0, Time elapsed: 0.131 s <<< FAILURE! - in com.fssa.medlife.service.TestUserUpdateFeature
testUpdateSuccess  Time elapsed: 0.028 s  <<< FAILURE!
org.opentest4j.AssertionFailedError: 
	at com.fssa.medlife.service.TestUserUpdateFeature.testUpdateSuccess(TestUserUpdateFeature.java:28)

