-------------------------------------------------------------------------------
Test set: com.fssa.medlife.service.TestUserRegisterFeature
-------------------------------------------------------------------------------
Tests run: 3, Failures: 1, Errors: 0, Skipped: 0, Time elapsed: 0.107 s <<< FAILURE! - in com.fssa.medlife.service.TestUserRegisterFeature
testRegistrationSuccess  Time elapsed: 0.027 s  <<< FAILURE!
org.opentest4j.AssertionFailedError: 
	at com.fssa.medlife.service.TestUserRegisterFeature.testRegistrationSuccess(TestUserRegisterFeature.java:29)

