-------------------------------------------------------------------------------
Test set: com.fssa.medlife.validation.TestValidateMedicineUrl
-------------------------------------------------------------------------------
Tests run: 5, Failures: 1, Errors: 0, Skipped: 0, Time elapsed: 0.018 s <<< FAILURE! - in com.fssa.medlife.validation.TestValidateMedicineUrl
invalidMedicineUrl  Time elapsed: 0.001 s  <<< FAILURE!
org.opentest4j.AssertionFailedError: expected: <false> but was: <true>
	at com.fssa.medlife.validation.TestValidateMedicineUrl.invalidMedicineUrl(TestValidateMedicineUrl.java:48)

